<?xml version="1.0" encoding="UTF-8"?>
<!-- Generated by org.testng.reporters.JUnitXMLReporter -->
<testsuite ignored="0" hostname="DESKTOP-SKRGRIP" failures="0" tests="14" name="Surefire test" time="24.723" errors="0" timestamp="2024-08-05T17:59:13 IST">
  <testcase classname="API_Test.Data_Driven_Test" name="Test_Post_User" time="3.269"/>
  <testcase classname="API_Test.Data_Driven_Test" name="Test_Post_User" time="1.3"/>
  <testcase classname="API_Test.Data_Driven_Test" name="Test_Post_User" time="1.283"/>
  <testcase classname="API_Test.Data_Driven_Test" name="Delete_UserByName" time="1.313"/>
  <testcase classname="API_Test.Data_Driven_Test" name="Delete_UserByName" time="1.261"/>
  <testcase classname="API_Test.Data_Driven_Test" name="Delete_UserByName" time="1.298"/>
  <testcase classname="API_Test.Test_For_User" name="Test_Post_User" time="1.284"/>
  <testcase classname="API_Test.Test_For_User" name="Get_UserByName" time="1.248"/>
  <testcase classname="API_Test.Test_For_User" name="Test_Udate_User" time="2.604"/>
  <testcase classname="API_Test.Test_For_User" name="Delete_UserByName" time="1.263"/>
  <testcase classname="API_Test.Test_using_PropertyFile" name="Test_Post_User" time="1.248"/>
  <testcase classname="API_Test.Test_using_PropertyFile" name="Get_UserByName" time="1.268"/>
  <testcase classname="API_Test.Test_using_PropertyFile" name="Test_Udate_User" time="2.613"/>
  <testcase classname="API_Test.Test_using_PropertyFile" name="Delete_UserByName" time="1.262"/>
</testsuite> <!-- Surefire test -->
