<?xml version="1.0" encoding="UTF-8"?>
<!-- Generated by org.testng.reporters.JUnitXMLReporter -->
<testsuite ignored="0" hostname="DESKTOP-SKRGRIP" failures="0" tests="4" name="Default test" time="9.621" errors="0" timestamp="2024-07-25T18:27:36 IST">
  <testcase classname="API_Test.Test_using_PropertyFile" name="Test_Post_User" time="3.43"/>
  <testcase classname="API_Test.Test_using_PropertyFile" name="Get_UserByName" time="1.329"/>
  <testcase classname="API_Test.Test_using_PropertyFile" name="Test_Udate_User" time="2.496"/>
  <testcase classname="API_Test.Test_using_PropertyFile" name="Delete_UserByName" time="1.239"/>
</testsuite> <!-- Default test -->
