<?xml version="1.0" encoding="UTF-8"?>
<!-- Generated by org.testng.reporters.JUnitXMLReporter -->
<testsuite ignored="0" hostname="DESKTOP-SKRGRIP" failures="0" tests="4" name="Test" time="9.421" errors="0" timestamp="2024-07-25T18:59:45 IST">
  <testcase classname="API_Test.Test_For_User" name="Test_Post_User" time="3.178"/>
  <testcase classname="API_Test.Test_For_User" name="Get_UserByName" time="1.3"/>
  <testcase classname="API_Test.Test_For_User" name="Test_Udate_User" time="2.489"/>
  <testcase classname="API_Test.Test_For_User" name="Delete_UserByName" time="1.213"/>
</testsuite> <!-- Test -->
