<?xml version="1.0" encoding="UTF-8"?>
<testng-results ignored="0" total="14" passed="14" failed="0" skipped="0">
  <reporter-output>
  </reporter-output>
  <suite started-at="2024-08-05T17:58:49 IST" name="Surefire suite" finished-at="2024-08-05T17:59:13 IST" duration-ms="24723">
    <groups>
    </groups>
    <test started-at="2024-08-05T17:58:49 IST" name="Surefire test" finished-at="2024-08-05T17:59:13 IST" duration-ms="24723">
      <class name="API_Test.Data_Driven_Test">
        <test-method signature="Test_Post_User(java.lang.String,java.lang.String,java.lang.String,java.lang.String,java.lang.String,java.lang.String,java.lang.String)[pri:1, instance:API_Test.Data_Driven_Test@769e7ee8]" started-at="2024-08-05T17:58:50 IST" name="Test_Post_User" data-provider="API Data" finished-at="2024-08-05T17:58:54 IST" duration-ms="3269" status="PASS">
          <params>
            <param index="0">
              <value>
                <![CDATA[1010]]>
              </value>
            </param>
            <param index="1">
              <value>
                <![CDATA[testuser1]]>
              </value>
            </param>
            <param index="2">
              <value>
                <![CDATA[michel]]>
              </value>
            </param>
            <param index="3">
              <value>
                <![CDATA[cannady]]>
              </value>
            </param>
            <param index="4">
              <value>
                <![CDATA[michal@gmail.com]]>
              </value>
            </param>
            <param index="5">
              <value>
                <![CDATA[test@123]]>
              </value>
            </param>
            <param index="6">
              <value>
                <![CDATA[1234567890]]>
              </value>
            </param>
          </params>
          <reporter-output>
          </reporter-output>
        </test-method> <!-- Test_Post_User -->
        <test-method signature="Test_Post_User(java.lang.String,java.lang.String,java.lang.String,java.lang.String,java.lang.String,java.lang.String,java.lang.String)[pri:1, instance:API_Test.Data_Driven_Test@769e7ee8]" started-at="2024-08-05T17:58:54 IST" name="Test_Post_User" data-provider="API Data" finished-at="2024-08-05T17:58:55 IST" duration-ms="1300" status="PASS">
          <params>
            <param index="0">
              <value>
                <![CDATA[1020]]>
              </value>
            </param>
            <param index="1">
              <value>
                <![CDATA[testuser2]]>
              </value>
            </param>
            <param index="2">
              <value>
                <![CDATA[john]]>
              </value>
            </param>
            <param index="3">
              <value>
                <![CDATA[kom]]>
              </value>
            </param>
            <param index="4">
              <value>
                <![CDATA[john@gamail.com]]>
              </value>
            </param>
            <param index="5">
              <value>
                <![CDATA[test@231]]>
              </value>
            </param>
            <param index="6">
              <value>
                <![CDATA[9874561230]]>
              </value>
            </param>
          </params>
          <reporter-output>
          </reporter-output>
        </test-method> <!-- Test_Post_User -->
        <test-method signature="Test_Post_User(java.lang.String,java.lang.String,java.lang.String,java.lang.String,java.lang.String,java.lang.String,java.lang.String)[pri:1, instance:API_Test.Data_Driven_Test@769e7ee8]" started-at="2024-08-05T17:58:55 IST" name="Test_Post_User" data-provider="API Data" finished-at="2024-08-05T17:58:56 IST" duration-ms="1283" status="PASS">
          <params>
            <param index="0">
              <value>
                <![CDATA[1030]]>
              </value>
            </param>
            <param index="1">
              <value>
                <![CDATA[testuser3]]>
              </value>
            </param>
            <param index="2">
              <value>
                <![CDATA[kim]]>
              </value>
            </param>
            <param index="3">
              <value>
                <![CDATA[steve]]>
              </value>
            </param>
            <param index="4">
              <value>
                <![CDATA[kim@gmail.com]]>
              </value>
            </param>
            <param index="5">
              <value>
                <![CDATA[test@321]]>
              </value>
            </param>
            <param index="6">
              <value>
                <![CDATA[1230456789]]>
              </value>
            </param>
          </params>
          <reporter-output>
          </reporter-output>
        </test-method> <!-- Test_Post_User -->
        <test-method signature="Delete_UserByName(java.lang.String)[pri:2, instance:API_Test.Data_Driven_Test@769e7ee8]" started-at="2024-08-05T17:58:56 IST" name="Delete_UserByName" data-provider="Username Data" finished-at="2024-08-05T17:58:58 IST" duration-ms="1313" status="PASS">
          <params>
            <param index="0">
              <value>
                <![CDATA[testuser1]]>
              </value>
            </param>
          </params>
          <reporter-output>
          </reporter-output>
        </test-method> <!-- Delete_UserByName -->
        <test-method signature="Delete_UserByName(java.lang.String)[pri:2, instance:API_Test.Data_Driven_Test@769e7ee8]" started-at="2024-08-05T17:58:58 IST" name="Delete_UserByName" data-provider="Username Data" finished-at="2024-08-05T17:58:59 IST" duration-ms="1261" status="PASS">
          <params>
            <param index="0">
              <value>
                <![CDATA[testuser2]]>
              </value>
            </param>
          </params>
          <reporter-output>
          </reporter-output>
        </test-method> <!-- Delete_UserByName -->
        <test-method signature="Delete_UserByName(java.lang.String)[pri:2, instance:API_Test.Data_Driven_Test@769e7ee8]" started-at="2024-08-05T17:58:59 IST" name="Delete_UserByName" data-provider="Username Data" finished-at="2024-08-05T17:59:00 IST" duration-ms="1298" status="PASS">
          <params>
            <param index="0">
              <value>
                <![CDATA[testuser3]]>
              </value>
            </param>
          </params>
          <reporter-output>
          </reporter-output>
        </test-method> <!-- Delete_UserByName -->
      </class> <!-- API_Test.Data_Driven_Test -->
      <class name="API_Test.Test_For_User">
        <test-method is-config="true" signature="set_Data()[pri:0, instance:API_Test.Test_For_User@bef2d72]" started-at="2024-08-05T17:59:00 IST" name="set_Data" finished-at="2024-08-05T17:59:00 IST" duration-ms="174" status="PASS">
          <reporter-output>
          </reporter-output>
        </test-method> <!-- set_Data -->
        <test-method signature="Test_Post_User()[pri:1, instance:API_Test.Test_For_User@bef2d72]" started-at="2024-08-05T17:59:00 IST" name="Test_Post_User" finished-at="2024-08-05T17:59:02 IST" duration-ms="1284" status="PASS">
          <reporter-output>
          </reporter-output>
        </test-method> <!-- Test_Post_User -->
        <test-method signature="Get_UserByName()[pri:2, instance:API_Test.Test_For_User@bef2d72]" started-at="2024-08-05T17:59:02 IST" name="Get_UserByName" finished-at="2024-08-05T17:59:03 IST" duration-ms="1248" status="PASS">
          <reporter-output>
          </reporter-output>
        </test-method> <!-- Get_UserByName -->
        <test-method signature="Test_Udate_User()[pri:3, instance:API_Test.Test_For_User@bef2d72]" started-at="2024-08-05T17:59:03 IST" name="Test_Udate_User" finished-at="2024-08-05T17:59:06 IST" duration-ms="2604" status="PASS">
          <reporter-output>
          </reporter-output>
        </test-method> <!-- Test_Udate_User -->
        <test-method signature="Delete_UserByName()[pri:4, instance:API_Test.Test_For_User@bef2d72]" started-at="2024-08-05T17:59:06 IST" name="Delete_UserByName" finished-at="2024-08-05T17:59:07 IST" duration-ms="1263" status="PASS">
          <reporter-output>
          </reporter-output>
        </test-method> <!-- Delete_UserByName -->
      </class> <!-- API_Test.Test_For_User -->
      <class name="API_Test.Test_using_PropertyFile">
        <test-method is-config="true" signature="set_Data()[pri:0, instance:API_Test.Test_using_PropertyFile@69b2283a]" started-at="2024-08-05T17:59:07 IST" name="set_Data" finished-at="2024-08-05T17:59:07 IST" duration-ms="52" status="PASS">
          <reporter-output>
          </reporter-output>
        </test-method> <!-- set_Data -->
        <test-method signature="Test_Post_User()[pri:1, instance:API_Test.Test_using_PropertyFile@69b2283a]" started-at="2024-08-05T17:59:07 IST" name="Test_Post_User" finished-at="2024-08-05T17:59:08 IST" duration-ms="1248" status="PASS">
          <reporter-output>
          </reporter-output>
        </test-method> <!-- Test_Post_User -->
        <test-method signature="Get_UserByName()[pri:2, instance:API_Test.Test_using_PropertyFile@69b2283a]" started-at="2024-08-05T17:59:08 IST" name="Get_UserByName" finished-at="2024-08-05T17:59:09 IST" duration-ms="1268" status="PASS">
          <reporter-output>
          </reporter-output>
        </test-method> <!-- Get_UserByName -->
        <test-method signature="Test_Udate_User()[pri:3, instance:API_Test.Test_using_PropertyFile@69b2283a]" started-at="2024-08-05T17:59:09 IST" name="Test_Udate_User" finished-at="2024-08-05T17:59:12 IST" duration-ms="2613" status="PASS">
          <reporter-output>
          </reporter-output>
        </test-method> <!-- Test_Udate_User -->
        <test-method signature="Delete_UserByName()[pri:4, instance:API_Test.Test_using_PropertyFile@69b2283a]" started-at="2024-08-05T17:59:12 IST" name="Delete_UserByName" finished-at="2024-08-05T17:59:13 IST" duration-ms="1262" status="PASS">
          <reporter-output>
          </reporter-output>
        </test-method> <!-- Delete_UserByName -->
      </class> <!-- API_Test.Test_using_PropertyFile -->
    </test> <!-- Surefire test -->
  </suite> <!-- Surefire suite -->
</testng-results>
